#
# A fatal error has been detected by the Java Runtime Environment:
#
#  SIGSEGV (0xb) at pc=0x0000000127fd0e43, pid=61800, tid=50219
#
# JRE version: Java(TM) SE Runtime Environment (8.0_66-b17) (build 1.8.0_66-b17)
# Java VM: Java HotSpot(TM) 64-Bit Server VM (25.66-b17 mixed mode bsd-amd64 compressed oops)
# Problematic frame:
# C  [libawt_lwawt.dylib+0x1ae43]  OGLSD_SetScratchSurface+0x49
#
# Failed to write core dump. Core dumps have been disabled. To enable core dumping, try "ulimit -c unlimited" before starting Java again
#
# If you would like to submit a bug report, please visit:
#   http://bugreport.java.com/bugreport/crash.jsp
# The crash happened outside the Java Virtual Machine in native code.
# See problematic frame for where to report the bug.
#

---------------  T H R E A D  ---------------

Current thread (0x00007ff335918000):  JavaThread "Java2D Queue Flusher" daemon [_thread_in_native, id=50219, stack(0x00007000084e6000,0x00007000085e6000)]

siginfo: si_signo: 11 (SIGSEGV), si_code: 1 (SEGV_MAPERR), si_addr: 0x0000000000000002

Registers:
RAX=0x00000000ffffffff, RBX=0x0000000000000002, RCX=0x0000000000000047, RDX=0x0000000127ff18ec
RSP=0x00007000085e5810, RBP=0x00007000085e5830, RSI=0x00007ff336fc19b0, RDI=0x00007ff3359181f8
R8 =0x00000000e80613df, R9 =0x0000000000000000, R10=0x00000001160a3a38, R11=0x0000000000000020
R12=0x0000000000000000, R13=0x0000000740309ff8, R14=0x00007ff3359181f8, R15=0x00007ff335918000
RIP=0x0000000127fd0e43, EFLAGS=0x0000000000010202, ERR=0x0000000000000004
  TRAPNO=0x000000000000000e

Top of Stack: (sp=0x00007000085e5810)
0x00007000085e5810:   00007ff336fc19b0 0000000000000000
0x00007000085e5820:   00007ff33591c410 00007ff335918000
0x00007000085e5830:   00007000085e58b0 0000000127ff13ca
0x00007000085e5840:   0000000000000064 00007ff334675ed8
0x00007000085e5850:   00007000085e58b0 000000010ff4bc08
0x00007000085e5860:   0000000000000005 00007ff335918000
0x00007000085e5870:   0000000740309f01 00007ff33591c420
0x00007000085e5880:   00007000005e5800 00007ff3359181f8
0x00007000085e5890:   0000000000000000 0000000000000000
0x00007000085e58a0:   00007000085e5908 00007ff335918000
0x00007000085e58b0:   00007000085e5900 00000001160a3aaa
0x00007000085e58c0:   0000000740309ee0 00007000085e5908
0x00007000085e58d0:   000000017b6cdad0 0000000000000000
0x00007000085e58e0:   000000017b6cda60 0000000000000000
0x00007000085e58f0:   00007000085e5910 000000074092dfa0
0x00007000085e5900:   00000000e80613dc 000000011652ca54
0x00007000085e5910:   0000000740309ee0 0000000000000000
0x00007000085e5920:   0000000740309ff8 0000000000000000
0x00007000085e5930:   0000000740309ff8 00007000085e59d0
0x00007000085e5940:   0000000000000001 0000000000000000
0x00007000085e5950:   00007000085e59d0 00000001159637a7
0x00007000085e5960:   0000000742795d60 000000079763c560
0x00007000085e5970:   0000700000001fa0 000000000000000a
0x00007000085e5980:   00007ff335918000 0000000000000001
0x00007000085e5990:   000000011596371f 000000012514f148
0x00007000085e59a0:   00007000085e5a68 00007000085e5d00
0x00007000085e59b0:   000000010000000a 000000012514f148
0x00007000085e59c0:   00000001159740a0 00007000085e5c70
0x00007000085e59d0:   00007000085e5b80 000000010feea35e
0x00007000085e59e0:   0000700000000001 00007ff335918000
0x00007000085e59f0:   00007ff335918000 00007000085e5d00
0x00007000085e5a00:   00007ff334675ed0 00000001159740a0 

Instructions: (pc=0x0000000127fd0e43)
0x0000000127fd0e23:   c0 e9 82 00 00 00 48 8b 5e 10 48 85 db 75 0e bf
0x0000000127fd0e33:   01 00 00 00 48 8d 15 fd 75 03 00 eb d6 49 89 fe
0x0000000127fd0e43:   4c 8b 3b 30 c0 e8 c5 a2 02 00 49 8b 3f 49 89 c4
0x0000000127fd0e53:   48 8b 35 a6 f7 05 00 30 c0 e8 cb a3 02 00 48 85 

Register to memory mapping:

RAX=0x00000000ffffffff is an unknown value
RBX=0x0000000000000002 is an unknown value
RCX=0x0000000000000047 is an unknown value
RDX=0x0000000127ff18ec: Java_sun_java2d_opengl_OGLRenderQueue_flushBuffer+0xb5c in /Library/Java/JavaVirtualMachines/jdk1.8.0_66.jdk/Contents/Home/jre/lib/libawt_lwawt.dylib at 0x0000000127fb6000
RSP=0x00007000085e5810 is pointing into the stack for thread: 0x00007ff335918000
RBP=0x00007000085e5830 is pointing into the stack for thread: 0x00007ff335918000
RSI=0x00007ff336fc19b0 is an unknown value
RDI=0x00007ff3359181f8 is an unknown value
R8 =0x00000000e80613df is an unknown value
R9 =0x0000000000000000 is an unknown value
R10=0x00000001160a3a38 is at entry_point+56 in (nmethod*)0x00000001160a3890
R11=0x0000000000000020 is an unknown value
R12=0x0000000000000000 is an unknown value
R13=0x0000000740309ff8 is an oop
sun.java2d.opengl.OGLRenderQueue$QueueFlusher 
 - klass: 'sun/java2d/opengl/OGLRenderQueue$QueueFlusher'
R14=0x00007ff3359181f8 is an unknown value
R15=0x00007ff335918000 is a thread


Stack: [0x00007000084e6000,0x00007000085e6000],  sp=0x00007000085e5810,  free space=1022k
Native frames: (J=compiled Java code, j=interpreted, Vv=VM code, C=native code)
C  [libawt_lwawt.dylib+0x1ae43]  OGLSD_SetScratchSurface+0x49
C  [libawt_lwawt.dylib+0x3b3ca]  Java_sun_java2d_opengl_OGLRenderQueue_flushBuffer+0x63a
J 2365  sun.java2d.opengl.OGLRenderQueue.flushBuffer(JI)V (0 bytes) @ 0x00000001160a3aaa [0x00000001160a3a00+0xaa]
J 4097% C2 sun.java2d.opengl.OGLRenderQueue$QueueFlusher.run()V (234 bytes) @ 0x000000011652ca54 [0x000000011652c7a0+0x2b4]
v  ~StubRoutines::call_stub
V  [libjvm.dylib+0x2ea35e]
V  [libjvm.dylib+0x2eaaec]
V  [libjvm.dylib+0x2eac98]
V  [libjvm.dylib+0x345215]
V  [libjvm.dylib+0x560b83]
V  [libjvm.dylib+0x56227e]
V  [libjvm.dylib+0x482cd6]
C  [libsystem_pthread.dylib+0x3abb]  _pthread_body+0xb4
C  [libsystem_pthread.dylib+0x3a07]  _pthread_body+0x0
C  [libsystem_pthread.dylib+0x3231]  thread_start+0xd
C  0x0000000000000000

Java frames: (J=compiled Java code, j=interpreted, Vv=VM code)
J 2365  sun.java2d.opengl.OGLRenderQueue.flushBuffer(JI)V (0 bytes) @ 0x00000001160a3a38 [0x00000001160a3a00+0x38]
J 4097% C2 sun.java2d.opengl.OGLRenderQueue$QueueFlusher.run()V (234 bytes) @ 0x000000011652ca54 [0x000000011652c7a0+0x2b4]
v  ~StubRoutines::call_stub

---------------  P R O C E S S  ---------------

Java Threads: ( => current thread )
  0x00007ff335861000 JavaThread "TimerQueue" daemon [_thread_blocked, id=67647, stack(0x0000700008975000,0x0000700008a75000)]
  0x00007ff3349af800 JavaThread "DestroyJavaVM" [_thread_blocked, id=7171, stack(0x0000700007430000,0x0000700007530000)]
  0x00007ff3361ac000 JavaThread "AWT-EventQueue-0" [_thread_blocked, id=67103, stack(0x00007000087ef000,0x00007000088ef000)]
  0x00007ff3353e9800 JavaThread "AWT-Shutdown" [_thread_blocked, id=29703, stack(0x00007000082dd000,0x00007000083dd000)]
  0x00007ff335263800 JavaThread "Java2D Disposer" daemon [_thread_blocked, id=59407, stack(0x00007000085e9000,0x00007000086e9000)]
=>0x00007ff335918000 JavaThread "Java2D Queue Flusher" daemon [_thread_in_native, id=50219, stack(0x00007000084e6000,0x00007000085e6000)]
  0x00007ff3350b3800 JavaThread "AppKit Thread" daemon [_thread_in_native, id=2059, stack(0x00007fff50151000,0x00007fff50951000)]
  0x00007ff33505f800 JavaThread "Service Thread" daemon [_thread_blocked, id=18691, stack(0x0000700008054000,0x0000700008154000)]
  0x00007ff33481f800 JavaThread "C1 CompilerThread2" daemon [_thread_blocked, id=18179, stack(0x0000700007f51000,0x0000700008051000)]
  0x00007ff334803800 JavaThread "C2 CompilerThread1" daemon [_thread_blocked, id=17667, stack(0x0000700007e4e000,0x0000700007f4e000)]
  0x00007ff33505f000 JavaThread "C2 CompilerThread0" daemon [_thread_in_native, id=17155, stack(0x0000700007d4b000,0x0000700007e4b000)]
  0x00007ff334800800 JavaThread "Signal Dispatcher" daemon [_thread_blocked, id=16643, stack(0x0000700007c48000,0x0000700007d48000)]
  0x00007ff335818000 JavaThread "Finalizer" daemon [_thread_blocked, id=12547, stack(0x0000700007b45000,0x0000700007c45000)]
  0x00007ff335817000 JavaThread "Reference Handler" daemon [_thread_blocked, id=12035, stack(0x0000700007a42000,0x0000700007b42000)]

Other Threads:
  0x00007ff335814800 VMThread [stack: 0x000070000793f000,0x0000700007a3f000] [id=11523]
  0x00007ff335086800 WatcherThread [stack: 0x0000700008157000,0x0000700008257000] [id=19203]

VM state:not at safepoint (normal execution)

VM Mutex/Monitor currently owned by a thread: None

Heap:
 PSYoungGen      total 72192K, used 6354K [0x0000000795580000, 0x000000079c980000, 0x00000007c0000000)
  eden space 41472K, 15% used [0x0000000795580000,0x0000000795bb4978,0x0000000797e00000)
  from space 30720K, 0% used [0x0000000797e00000,0x0000000797e00000,0x0000000799c00000)
  to   space 30208K, 0% used [0x000000079ac00000,0x000000079ac00000,0x000000079c980000)
 ParOldGen       total 67072K, used 7195K [0x0000000740000000, 0x0000000744180000, 0x0000000795580000)
  object space 67072K, 10% used [0x0000000740000000,0x0000000740706e70,0x0000000744180000)
 Metaspace       used 19200K, capacity 19476K, committed 19840K, reserved 1067008K
  class space    used 2289K, capacity 2365K, committed 2432K, reserved 1048576K

Card table byte_map: [0x0000000110f46000,0x0000000111347000] byte_map_base: 0x000000010d546000

Marking Bits: (ParMarkBitMap*) 0x00000001104dde20
 Begin Bits: [0x00000001115f2000, 0x00000001135f2000)
 End Bits:   [0x00000001135f2000, 0x00000001155f2000)

Polling page: 0x000000010f36f000

CodeCache: size=245760Kb used=12040Kb max_used=12218Kb free=233719Kb
 bounds [0x0000000115963000, 0x0000000116573000, 0x0000000124963000]
 total_blobs=4389 nmethods=3786 adapters=515
 compilation: enabled

Compilation events (10 events):
Event: 133495.997 Thread 0x00007ff33481f800 4348       3       org.jlab.groot.math.Func1D::getStatBox (223 bytes)
Event: 133496.178 Thread 0x00007ff33481f800 nmethod 4348 0x0000000115f4f750 code [0x0000000115f4fdc0, 0x0000000115f54a68]
Event: 133496.179 Thread 0x00007ff33481f800 4352   !   3       javax.swing.RepaintManager::paintDirtyRegions (196 bytes)
Event: 133496.181 Thread 0x00007ff33481f800 nmethod 4352 0x000000011626ead0 code [0x000000011626ee80, 0x0000000116270b08]
Event: 133496.182 Thread 0x00007ff33481f800 4349   !   3       javax.swing.RepaintManager::validateInvalidComponents (107 bytes)
Event: 133496.183 Thread 0x00007ff33481f800 nmethod 4349 0x0000000115b78950 code [0x0000000115b78c00, 0x0000000115b79f38]
Event: 133496.183 Thread 0x00007ff33481f800 4350   !   3       javax.swing.RepaintManager::prePaintDirtyRegions (91 bytes)
Event: 133496.184 Thread 0x00007ff33481f800 nmethod 4350 0x0000000115efba90 code [0x0000000115efbc80, 0x0000000115efc5e8]
Event: 133496.184 Thread 0x00007ff33481f800 4351   !   3       javax.swing.RepaintManager::paintDirtyRegions (50 bytes)
Event: 133496.185 Thread 0x00007ff33481f800 nmethod 4351 0x0000000115c85b10 code [0x0000000115c85ca0, 0x0000000115c860d8]

GC Heap History (10 events):
Event: 87859.568 GC heap before
{Heap before GC invocations=21 (full 1):
 PSYoungGen      total 58368K, used 160K [0x0000000795580000, 0x000000079ab80000, 0x00000007c0000000)
  eden space 29696K, 0% used [0x0000000795580000,0x0000000795580000,0x0000000797280000)
  from space 28672K, 0% used [0x0000000798f80000,0x0000000798fa8000,0x000000079ab80000)
  to   space 29184K, 0% used [0x0000000797280000,0x0000000797280000,0x0000000798f00000)
 ParOldGen       total 87552K, used 85588K [0x0000000740000000, 0x0000000745580000, 0x0000000795580000)
  object space 87552K, 97% used [0x0000000740000000,0x00000007453950c8,0x0000000745580000)
 Metaspace       used 19200K, capacity 19500K, committed 19840K, reserved 1067008K
  class space    used 2294K, capacity 2373K, committed 2432K, reserved 1048576K
Event: 87860.545 GC heap after
Heap after GC invocations=21 (full 1):
 PSYoungGen      total 58368K, used 0K [0x0000000795580000, 0x000000079ab80000, 0x00000007c0000000)
  eden space 29696K, 0% used [0x0000000795580000,0x0000000795580000,0x0000000797280000)
  from space 28672K, 0% used [0x0000000798f80000,0x0000000798f80000,0x000000079ab80000)
  to   space 29184K, 0% used [0x0000000797280000,0x0000000797280000,0x0000000798f00000)
 ParOldGen       total 84480K, used 30254K [0x0000000740000000, 0x0000000745280000, 0x0000000795580000)
  object space 84480K, 35% used [0x0000000740000000,0x0000000741d8b900,0x0000000745280000)
 Metaspace       used 19185K, capacity 19476K, committed 19840K, reserved 1067008K
  class space    used 2289K, capacity 2365K, committed 2432K, reserved 1048576K
}
Event: 132483.120 GC heap before
{Heap before GC invocations=22 (full 1):
 PSYoungGen      total 58368K, used 28965K [0x0000000795580000, 0x000000079ab80000, 0x00000007c0000000)
  eden space 29696K, 97% used [0x0000000795580000,0x00000007971c9408,0x0000000797280000)
  from space 28672K, 0% used [0x0000000798f80000,0x0000000798f80000,0x000000079ab80000)
  to   space 29184K, 0% used [0x0000000797280000,0x0000000797280000,0x0000000798f00000)
 ParOldGen       total 84480K, used 30254K [0x0000000740000000, 0x0000000745280000, 0x0000000795580000)
  object space 84480K, 35% used [0x0000000740000000,0x0000000741d8b900,0x0000000745280000)
 Metaspace       used 19185K, capacity 19476K, committed 19840K, reserved 1067008K
  class space    used 2289K, capacity 2365K, committed 2432K, reserved 1048576K
Event: 132483.175 GC heap after
Heap after GC invocations=22 (full 1):
 PSYoungGen      total 58880K, used 16430K [0x0000000795580000, 0x000000079b980000, 0x00000007c0000000)
  eden space 29696K, 0% used [0x0000000795580000,0x0000000795580000,0x0000000797280000)
  from space 29184K, 56% used [0x0000000797280000,0x000000079828ba90,0x0000000798f00000)
  to   space 30208K, 0% used [0x0000000799c00000,0x0000000799c00000,0x000000079b980000)
 ParOldGen       total 84480K, used 30262K [0x0000000740000000, 0x0000000745280000, 0x0000000795580000)
  object space 84480K, 35% used [0x0000000740000000,0x0000000741d8d900,0x0000000745280000)
 Metaspace       used 19185K, capacity 19476K, committed 19840K, reserved 1067008K
  class space    used 2289K, capacity 2365K, committed 2432K, reserved 1048576K
}
Event: 132486.404 GC heap before
{Heap before GC invocations=23 (full 1):
 PSYoungGen      total 58880K, used 41797K [0x0000000795580000, 0x000000079b980000, 0x00000007c0000000)
  eden space 29696K, 85% used [0x0000000795580000,0x0000000796e45a68,0x0000000797280000)
  from space 29184K, 56% used [0x0000000797280000,0x000000079828ba90,0x0000000798f00000)
  to   space 30208K, 0% used [0x0000000799c00000,0x0000000799c00000,0x000000079b980000)
 ParOldGen       total 84480K, used 30262K [0x0000000740000000, 0x0000000745280000, 0x0000000795580000)
  object space 84480K, 35% used [0x0000000740000000,0x0000000741d8d900,0x0000000745280000)
 Metaspace       used 19186K, capacity 19476K, committed 19840K, reserved 1067008K
  class space    used 2289K, capacity 2365K, committed 2432K, reserved 1048576K
Event: 132486.581 GC heap after
Heap after GC invocations=23 (full 1):
 PSYoungGen      total 71680K, used 16895K [0x0000000795580000, 0x000000079ba80000, 0x00000007c0000000)
  eden space 41472K, 0% used [0x0000000795580000,0x0000000795580000,0x0000000797e00000)
  from space 30208K, 55% used [0x0000000799c00000,0x000000079ac7fea8,0x000000079b980000)
  to   space 30720K, 0% used [0x0000000797e00000,0x0000000797e00000,0x0000000799c00000)
 ParOldGen       total 84480K, used 46564K [0x0000000740000000, 0x0000000745280000, 0x0000000795580000)
  object space 84480K, 55% used [0x0000000740000000,0x0000000742d79390,0x0000000745280000)
 Metaspace       used 19186K, capacity 19476K, committed 19840K, reserved 1067008K
  class space    used 2289K, capacity 2365K, committed 2432K, reserved 1048576K
}
Event: 133496.013 GC heap before
{Heap before GC invocations=24 (full 1):
 PSYoungGen      total 71680K, used 53254K [0x0000000795580000, 0x000000079ba80000, 0x00000007c0000000)
  eden space 41472K, 87% used [0x0000000795580000,0x0000000797901ad8,0x0000000797e00000)
  from space 30208K, 55% used [0x0000000799c00000,0x000000079ac7fea8,0x000000079b980000)
  to   space 30720K, 0% used [0x0000000797e00000,0x0000000797e00000,0x0000000799c00000)
 ParOldGen       total 84480K, used 46564K [0x0000000740000000, 0x0000000745280000, 0x0000000795580000)
  object space 84480K, 55% used [0x0000000740000000,0x0000000742d79390,0x0000000745280000)
 Metaspace       used 19197K, capacity 19476K, committed 19840K, reserved 1067008K
  class space    used 2289K, capacity 2365K, committed 2432K, reserved 1048576K
Event: 133496.058 GC heap after
Heap after GC invocations=24 (full 1):
 PSYoungGen      total 72192K, used 192K [0x0000000795580000, 0x000000079c980000, 0x00000007c0000000)
  eden space 41472K, 0% used [0x0000000795580000,0x0000000795580000,0x0000000797e00000)
  from space 30720K, 0% used [0x0000000797e00000,0x0000000797e30000,0x0000000799c00000)
  to   space 30208K, 0% used [0x000000079ac00000,0x000000079ac00000,0x000000079c980000)
 ParOldGen       total 84480K, used 63332K [0x0000000740000000, 0x0000000745280000, 0x0000000795580000)
  object space 84480K, 74% used [0x0000000740000000,0x0000000743dd9238,0x0000000745280000)
 Metaspace       used 19197K, capacity 19476K, committed 19840K, reserved 1067008K
  class space    used 2289K, capacity 2365K, committed 2432K, reserved 1048576K
}
Event: 133496.059 GC heap before
{Heap before GC invocations=25 (full 2):
 PSYoungGen      total 72192K, used 192K [0x0000000795580000, 0x000000079c980000, 0x00000007c0000000)
  eden space 41472K, 0% used [0x0000000795580000,0x0000000795580000,0x0000000797e00000)
  from space 30720K, 0% used [0x0000000797e00000,0x0000000797e30000,0x0000000799c00000)
  to   space 30208K, 0% used [0x000000079ac00000,0x000000079ac00000,0x000000079c980000)
 ParOldGen       total 84480K, used 63332K [0x0000000740000000, 0x0000000745280000, 0x0000000795580000)
  object space 84480K, 74% used [0x0000000740000000,0x0000000743dd9238,0x0000000745280000)
 Metaspace       used 19197K, capacity 19476K, committed 19840K, reserved 1067008K
  class space    used 2289K, capacity 2365K, committed 2432K, reserved 1048576K
Event: 133496.172 GC heap after
Heap after GC invocations=25 (full 2):
 PSYoungGen      total 72192K, used 0K [0x0000000795580000, 0x000000079c980000, 0x00000007c0000000)
  eden space 41472K, 0% used [0x0000000795580000,0x0000000795580000,0x0000000797e00000)
  from space 30720K, 0% used [0x0000000797e00000,0x0000000797e00000,0x0000000799c00000)
  to   space 30208K, 0% used [0x000000079ac00000,0x000000079ac00000,0x000000079c980000)
 ParOldGen       total 67072K, used 7195K [0x0000000740000000, 0x0000000744180000, 0x0000000795580000)
  object space 67072K, 10% used [0x0000000740000000,0x0000000740706e70,0x0000000744180000)
 Metaspace       used 19197K, capacity 19476K, committed 19840K, reserved 1067008K
  class space    used 2289K, capacity 2365K, committed 2432K, reserved 1048576K
}

Deoptimization events (10 events):
Event: 30237.819 Thread 0x00007ff3361ac000 Uncommon trap: reason=unstable_if action=reinterpret pc=0x0000000116356e6c method=sun.java2d.pipe.RenderQueue.ensureCapacity(I)V @ 8
Event: 40193.324 Thread 0x00007ff3361ac000 Uncommon trap: reason=unstable_if action=reinterpret pc=0x0000000116325304 method=sun.lwawt.LWCursorManager.updateCursorImpl()V @ 21
Event: 40193.975 Thread 0x00007ff3361ac000 Uncommon trap: reason=unstable_if action=reinterpret pc=0x000000011629c754 method=java.awt.Container.findComponentAtImpl(IIZ)Ljava/awt/Component; @ 6
Event: 73437.329 Thread 0x00007ff3350b3800 Uncommon trap: reason=unstable_if action=reinterpret pc=0x0000000115e4cef0 method=sun.java2d.pipe.Region.contains(II)Z @ 21
Event: 73438.933 Thread 0x00007ff3361ac000 Uncommon trap: reason=unstable_if action=reinterpret pc=0x00000001162de20c method=sun.awt.PostEventQueue.flush()V @ 23
Event: 73487.054 Thread 0x00007ff3361ac000 Uncommon trap: reason=unstable_if action=reinterpret pc=0x000000011635c2f0 method=sun.java2d.pipe.RenderQueue.ensureCapacity(I)V @ 8
Event: 73507.957 Thread 0x00007ff3350b3800 Uncommon trap: reason=unstable_if action=reinterpret pc=0x0000000115ffe720 method=sun.java2d.pipe.Region.contains(II)Z @ 21
Event: 83159.710 Thread 0x00007ff3350b3800 Uncommon trap: reason=unstable_if action=reinterpret pc=0x0000000116038f48 method=java.util.HashMap$HashIterator.<init>(Ljava/util/HashMap;)V @ 38
Event: 85871.158 Thread 0x00007ff3361ac000 Uncommon trap: reason=unstable_if action=reinterpret pc=0x00000001165040a0 method=sun.java2d.pipe.BufferedContext.validate(Lsun/java2d/pipe/hw/AccelSurface;Lsun/java2d/pipe/hw/AccelSurface;Lsun/java2d/pipe/Region;Ljava/awt/Composite;Ljava/awt/geom/AffineT
Event: 132484.569 Thread 0x00007ff3361ac000 Uncommon trap: reason=unstable_if action=reinterpret pc=0x0000000115dc6a50 method=sun.java2d.pipe.BufferedContext.validate(Lsun/java2d/pipe/hw/AccelSurface;Lsun/java2d/pipe/hw/AccelSurface;Lsun/java2d/pipe/Region;Ljava/awt/Composite;Ljava/awt/geom/AffineT

Internal exceptions (10 events):
Event: 100.467 Thread 0x00007ff335818000 Exception <a 'java/lang/NullPointerException'> (0x000000079591aa30) thrown at [/HUDSON3/workspace/8-2-build-macosx-x86_64/jdk8u66/4988/hotspot/src/share/vm/interpreter/linkResolver.cpp, line 1178]
Event: 100.467 Thread 0x00007ff335818000 Exception <a 'java/lang/NullPointerException'> (0x000000079591ac38) thrown at [/HUDSON3/workspace/8-2-build-macosx-x86_64/jdk8u66/4988/hotspot/src/share/vm/interpreter/linkResolver.cpp, line 1178]
Event: 28416.248 Thread 0x00007ff3350b3800 Implicit null exception at 0x00000001160cab31 to 0x00000001160cb921
Event: 30230.567 Thread 0x00007ff3361ac000 Implicit null exception at 0x0000000116255fc1 to 0x0000000116256849
Event: 30230.568 Thread 0x00007ff3361ac000 Implicit null exception at 0x00000001161dcde0 to 0x00000001161dcfc1
Event: 30237.791 Thread 0x00007ff335818000 Exception <a 'java/lang/NullPointerException'> (0x0000000795b5c7f0) thrown at [/HUDSON3/workspace/8-2-build-macosx-x86_64/jdk8u66/4988/hotspot/src/share/vm/interpreter/linkResolver.cpp, line 1178]
Event: 30237.791 Thread 0x00007ff335818000 Exception <a 'java/lang/NullPointerException'> (0x0000000795b5c9f8) thrown at [/HUDSON3/workspace/8-2-build-macosx-x86_64/jdk8u66/4988/hotspot/src/share/vm/interpreter/linkResolver.cpp, line 1178]
Event: 30237.791 Thread 0x00007ff335818000 Exception <a 'java/lang/NullPointerException'> (0x0000000795b5cc00) thrown at [/HUDSON3/workspace/8-2-build-macosx-x86_64/jdk8u66/4988/hotspot/src/share/vm/interpreter/linkResolver.cpp, line 1178]
Event: 83159.710 Thread 0x00007ff3350b3800 Implicit null exception at 0x0000000116038d03 to 0x0000000116038f35
Event: 85871.157 Thread 0x00007ff3361ac000 Implicit null exception at 0x0000000116502e8c to 0x0000000116504069

Events (10 events):
Event: 132469.951 Thread 0x00007ff33481f800 flushing nmethod 0x00000001163c1e50
Event: 132483.120 Executing VM operation: ParallelGCFailedAllocation
Event: 132483.175 Executing VM operation: ParallelGCFailedAllocation done
Event: 132484.569 Thread 0x00007ff3361ac000 Uncommon trap: trap_request=0xffffff65 fr.pc=0x0000000115dc6a50
Event: 132484.569 Thread 0x00007ff3361ac000 DEOPT PACKING pc=0x0000000115dc6a50 sp=0x00007000088ec220
Event: 132484.569 Thread 0x00007ff3361ac000 DEOPT UNPACKING pc=0x0000000115968229 sp=0x00007000088ec210 mode 2
Event: 132486.404 Executing VM operation: ParallelGCFailedAllocation
Event: 132486.581 Executing VM operation: ParallelGCFailedAllocation done
Event: 133496.013 Executing VM operation: ParallelGCFailedAllocation
Event: 133496.172 Executing VM operation: ParallelGCFailedAllocation done


Dynamic libraries:
0x0000000007ccd000 	/System/Library/Frameworks/Cocoa.framework/Versions/A/Cocoa
0x0000000007ccd000 	/System/Library/Frameworks/Security.framework/Versions/A/Security
0x0000000007ccd000 	/System/Library/Frameworks/ApplicationServices.framework/Versions/A/ApplicationServices
0x0000000007ccd000 	/usr/lib/libz.1.dylib
0x0000000007ccd000 	/usr/lib/libSystem.B.dylib
0x0000000007ccd000 	/usr/lib/libobjc.A.dylib
0x0000000007ccd000 	/System/Library/Frameworks/CoreFoundation.framework/Versions/A/CoreFoundation
0x0000000007ccd000 	/System/Library/Frameworks/Foundation.framework/Versions/C/Foundation
0x0000000007ccd000 	/System/Library/Frameworks/AppKit.framework/Versions/C/AppKit
0x0000000007ccd000 	/System/Library/Frameworks/CoreData.framework/Versions/A/CoreData
0x0000000007ccd000 	/System/Library/PrivateFrameworks/RemoteViewServices.framework/Versions/A/RemoteViewServices
0x0000000007ccd000 	/System/Library/PrivateFrameworks/UIFoundation.framework/Versions/A/UIFoundation
0x0000000007ccd000 	/usr/lib/libenergytrace.dylib
0x0000000007ccd000 	/System/Library/PrivateFrameworks/SkyLight.framework/Versions/A/SkyLight
0x0000000007ccd000 	/System/Library/Frameworks/CoreGraphics.framework/Versions/A/CoreGraphics
0x0000000007ccd000 	/usr/lib/libScreenReader.dylib
0x0000000007ccd000 	/System/Library/Frameworks/Accelerate.framework/Versions/A/Accelerate
0x0000000007ccd000 	/System/Library/Frameworks/IOSurface.framework/Versions/A/IOSurface
0x0000000007ccd000 	/System/Library/Frameworks/AudioToolbox.framework/Versions/A/AudioToolbox
0x0000000007ccd000 	/System/Library/Frameworks/AudioUnit.framework/Versions/A/AudioUnit
0x0000000007ccd000 	/System/Library/PrivateFrameworks/DataDetectorsCore.framework/Versions/A/DataDetectorsCore
0x0000000007ccd000 	/System/Library/PrivateFrameworks/DesktopServicesPriv.framework/Versions/A/DesktopServicesPriv
0x0000000007ccd000 	/System/Library/Frameworks/Carbon.framework/Versions/A/Frameworks/HIToolbox.framework/Versions/A/HIToolbox
0x0000000007ccd000 	/usr/lib/libicucore.A.dylib
0x0000000007ccd000 	/System/Library/Frameworks/QuartzCore.framework/Versions/A/QuartzCore
0x0000000007ccd000 	/System/Library/Frameworks/Carbon.framework/Versions/A/Frameworks/SpeechRecognition.framework/Versions/A/SpeechRecognition
0x0000000007ccd000 	/usr/lib/libauto.dylib
0x0000000007ccd000 	/usr/lib/libxml2.2.dylib
0x0000000007ccd000 	/System/Library/PrivateFrameworks/CoreUI.framework/Versions/A/CoreUI
0x0000000007ccd000 	/System/Library/Frameworks/CoreAudio.framework/Versions/A/CoreAudio
0x0000000007ccd000 	/System/Library/Frameworks/DiskArbitration.framework/Versions/A/DiskArbitration
0x0000000007ccd000 	/usr/lib/liblangid.dylib
0x0000000007ccd000 	/System/Library/PrivateFrameworks/MultitouchSupport.framework/Versions/A/MultitouchSupport
0x0000000007ccd000 	/System/Library/Frameworks/IOKit.framework/Versions/A/IOKit
0x0000000007ccd000 	/usr/lib/libDiagnosticMessagesClient.dylib
0x0000000007ccd000 	/System/Library/Frameworks/CoreServices.framework/Versions/A/CoreServices
0x0000000007ccd000 	/System/Library/PrivateFrameworks/PerformanceAnalysis.framework/Versions/A/PerformanceAnalysis
0x0000000007ccd000 	/System/Library/PrivateFrameworks/GenerationalStorage.framework/Versions/A/GenerationalStorage
0x0000000007ccd000 	/System/Library/Frameworks/OpenGL.framework/Versions/A/OpenGL
0x0000000007ccd000 	/System/Library/Frameworks/CoreImage.framework/Versions/A/CoreImage
0x0000000007ccd000 	/System/Library/Frameworks/CoreText.framework/Versions/A/CoreText
0x0000000007ccd000 	/System/Library/Frameworks/ImageIO.framework/Versions/A/ImageIO
0x0000000007ccd000 	/System/Library/PrivateFrameworks/Backup.framework/Versions/A/Backup
0x0000000007ccd000 	/usr/lib/libarchive.2.dylib
0x0000000007ccd000 	/System/Library/Frameworks/CFNetwork.framework/Versions/A/CFNetwork
0x0000000007ccd000 	/System/Library/Frameworks/SystemConfiguration.framework/Versions/A/SystemConfiguration
0x0000000007ccd000 	/usr/lib/libCRFSuite.dylib
0x0000000007ccd000 	/usr/lib/libc++.1.dylib
0x0000000007ccd000 	/usr/lib/libc++abi.dylib
0x0000000007ccd000 	/usr/lib/system/libcache.dylib
0x0000000007ccd000 	/usr/lib/system/libcommonCrypto.dylib
0x0000000007ccd000 	/usr/lib/system/libcompiler_rt.dylib
0x0000000007ccd000 	/usr/lib/system/libcopyfile.dylib
0x0000000007ccd000 	/usr/lib/system/libcorecrypto.dylib
0x0000000007ccd000 	/usr/lib/system/libdispatch.dylib
0x0000000007ccd000 	/usr/lib/system/libdyld.dylib
0x0000000007ccd000 	/usr/lib/system/libkeymgr.dylib
0x0000000007ccd000 	/usr/lib/system/liblaunch.dylib
0x0000000007ccd000 	/usr/lib/system/libmacho.dylib
0x0000000007ccd000 	/usr/lib/system/libquarantine.dylib
0x0000000007ccd000 	/usr/lib/system/libremovefile.dylib
0x0000000007ccd000 	/usr/lib/system/libsystem_asl.dylib
0x0000000007ccd000 	/usr/lib/system/libsystem_blocks.dylib
0x0000000007ccd000 	/usr/lib/system/libsystem_c.dylib
0x0000000007ccd000 	/usr/lib/system/libsystem_configuration.dylib
0x0000000007ccd000 	/usr/lib/system/libsystem_coreservices.dylib
0x0000000007ccd000 	/usr/lib/system/libsystem_coretls.dylib
0x0000000007ccd000 	/usr/lib/system/libsystem_dnssd.dylib
0x0000000007ccd000 	/usr/lib/system/libsystem_info.dylib
0x0000000007ccd000 	/usr/lib/system/libsystem_kernel.dylib
0x0000000007ccd000 	/usr/lib/system/libsystem_m.dylib
0x0000000007ccd000 	/usr/lib/system/libsystem_malloc.dylib
0x0000000007ccd000 	/usr/lib/system/libsystem_network.dylib
0x0000000007ccd000 	/usr/lib/system/libsystem_networkextension.dylib
0x0000000007ccd000 	/usr/lib/system/libsystem_notify.dylib
0x0000000007ccd000 	/usr/lib/system/libsystem_platform.dylib
0x0000000007ccd000 	/usr/lib/system/libsystem_pthread.dylib
0x0000000007ccd000 	/usr/lib/system/libsystem_sandbox.dylib
0x0000000007ccd000 	/usr/lib/system/libsystem_secinit.dylib
0x0000000007ccd000 	/usr/lib/system/libsystem_symptoms.dylib
0x0000000007ccd000 	/usr/lib/system/libsystem_trace.dylib
0x0000000007ccd000 	/usr/lib/system/libunwind.dylib
0x0000000007ccd000 	/usr/lib/system/libxpc.dylib
0x0000000007ccd000 	/usr/lib/libbsm.0.dylib
0x0000000007ccd000 	/usr/lib/system/libkxld.dylib
0x0000000007ccd000 	/usr/lib/libcoretls.dylib
0x0000000007ccd000 	/usr/lib/libcoretls_cfhelpers.dylib
0x0000000007ccd000 	/usr/lib/libxar.1.dylib
0x0000000007ccd000 	/usr/lib/libsqlite3.dylib
0x0000000007ccd000 	/usr/lib/libpam.2.dylib
0x0000000007ccd000 	/usr/lib/libOpenScriptingUtil.dylib
0x0000000007ccd000 	/usr/lib/libbz2.1.0.dylib
0x0000000007ccd000 	/usr/lib/liblzma.5.dylib
0x0000000007ccd000 	/usr/lib/libnetwork.dylib
0x0000000007ccd000 	/usr/lib/libpcap.A.dylib
0x0000000007ccd000 	/System/Library/Frameworks/CoreServices.framework/Versions/A/Frameworks/FSEvents.framework/Versions/A/FSEvents
0x0000000007ccd000 	/System/Library/Frameworks/CoreServices.framework/Versions/A/Frameworks/CarbonCore.framework/Versions/A/CarbonCore
0x0000000007ccd000 	/System/Library/Frameworks/CoreServices.framework/Versions/A/Frameworks/Metadata.framework/Versions/A/Metadata
0x0000000007ccd000 	/System/Library/Frameworks/CoreServices.framework/Versions/A/Frameworks/OSServices.framework/Versions/A/OSServices
0x0000000007ccd000 	/System/Library/Frameworks/CoreServices.framework/Versions/A/Frameworks/SearchKit.framework/Versions/A/SearchKit
0x0000000007ccd000 	/System/Library/Frameworks/CoreServices.framework/Versions/A/Frameworks/AE.framework/Versions/A/AE
0x0000000007ccd000 	/System/Library/Frameworks/CoreServices.framework/Versions/A/Frameworks/LaunchServices.framework/Versions/A/LaunchServices
0x0000000007ccd000 	/System/Library/Frameworks/CoreServices.framework/Versions/A/Frameworks/DictionaryServices.framework/Versions/A/DictionaryServices
0x0000000007ccd000 	/System/Library/Frameworks/CoreServices.framework/Versions/A/Frameworks/SharedFileList.framework/Versions/A/SharedFileList
0x0000000007ccd000 	/System/Library/Frameworks/NetFS.framework/Versions/A/NetFS
0x0000000007ccd000 	/System/Library/PrivateFrameworks/NetAuth.framework/Versions/A/NetAuth
0x0000000007ccd000 	/System/Library/PrivateFrameworks/login.framework/Versions/A/Frameworks/loginsupport.framework/Versions/A/loginsupport
0x0000000007ccd000 	/System/Library/PrivateFrameworks/TCC.framework/Versions/A/TCC
0x0000000007ccd000 	/usr/lib/libmecabra.dylib
0x0000000007ccd000 	/System/Library/Frameworks/ApplicationServices.framework/Versions/A/Frameworks/ATS.framework/Versions/A/ATS
0x0000000007ccd000 	/System/Library/Frameworks/ApplicationServices.framework/Versions/A/Frameworks/ColorSync.framework/Versions/A/ColorSync
0x0000000007ccd000 	/System/Library/Frameworks/ApplicationServices.framework/Versions/A/Frameworks/HIServices.framework/Versions/A/HIServices
0x0000000007ccd000 	/System/Library/Frameworks/ApplicationServices.framework/Versions/A/Frameworks/LangAnalysis.framework/Versions/A/LangAnalysis
0x0000000007ccd000 	/System/Library/Frameworks/ApplicationServices.framework/Versions/A/Frameworks/PrintCore.framework/Versions/A/PrintCore
0x0000000007ccd000 	/System/Library/Frameworks/ApplicationServices.framework/Versions/A/Frameworks/QD.framework/Versions/A/QD
0x0000000007ccd000 	/System/Library/Frameworks/ApplicationServices.framework/Versions/A/Frameworks/SpeechSynthesis.framework/Versions/A/SpeechSynthesis
0x0000000007ccd000 	/System/Library/Frameworks/Accelerate.framework/Versions/A/Frameworks/vImage.framework/Versions/A/vImage
0x0000000007ccd000 	/System/Library/Frameworks/Accelerate.framework/Versions/A/Frameworks/vecLib.framework/Versions/A/vecLib
0x0000000007ccd000 	/System/Library/Frameworks/Accelerate.framework/Versions/A/Frameworks/vecLib.framework/Versions/A/libvDSP.dylib
0x0000000007ccd000 	/System/Library/Frameworks/Accelerate.framework/Versions/A/Frameworks/vecLib.framework/Versions/A/libBNNS.dylib
0x0000000007ccd000 	/System/Library/Frameworks/Accelerate.framework/Versions/A/Frameworks/vecLib.framework/Versions/A/libQuadrature.dylib
0x0000000007ccd000 	/System/Library/Frameworks/Accelerate.framework/Versions/A/Frameworks/vecLib.framework/Versions/A/libvMisc.dylib
0x0000000007ccd000 	/System/Library/Frameworks/Accelerate.framework/Versions/A/Frameworks/vecLib.framework/Versions/A/libLAPACK.dylib
0x0000000007ccd000 	/System/Library/Frameworks/Accelerate.framework/Versions/A/Frameworks/vecLib.framework/Versions/A/libBLAS.dylib
0x0000000007ccd000 	/System/Library/Frameworks/Accelerate.framework/Versions/A/Frameworks/vecLib.framework/Versions/A/libLinearAlgebra.dylib
0x0000000007ccd000 	/System/Library/Frameworks/Accelerate.framework/Versions/A/Frameworks/vecLib.framework/Versions/A/libSparseBLAS.dylib
0x0000000007ccd000 	/System/Library/Frameworks/ApplicationServices.framework/Versions/A/Frameworks/ATS.framework/Versions/A/Resources/libFontParser.dylib
0x0000000007ccd000 	/System/Library/Frameworks/ApplicationServices.framework/Versions/A/Frameworks/ATS.framework/Versions/A/Resources/libFontRegistry.dylib
0x0000000007ccd000 	/System/Library/Frameworks/ImageIO.framework/Versions/A/Resources/libJPEG.dylib
0x0000000007ccd000 	/System/Library/Frameworks/ImageIO.framework/Versions/A/Resources/libTIFF.dylib
0x0000000007ccd000 	/System/Library/Frameworks/ImageIO.framework/Versions/A/Resources/libPng.dylib
0x0000000007ccd000 	/System/Library/Frameworks/ImageIO.framework/Versions/A/Resources/libGIF.dylib
0x0000000007ccd000 	/System/Library/Frameworks/ImageIO.framework/Versions/A/Resources/libJP2.dylib
0x0000000007ccd000 	/System/Library/Frameworks/ImageIO.framework/Versions/A/Resources/libRadiance.dylib
0x0000000007ccd000 	/usr/lib/libcompression.dylib
0x0000000007ccd000 	/System/Library/PrivateFrameworks/AppleJPEG.framework/Versions/A/AppleJPEG
0x0000000007ccd000 	/usr/lib/libcups.2.dylib
0x0000000007ccd000 	/System/Library/Frameworks/Kerberos.framework/Versions/A/Kerberos
0x0000000007ccd000 	/System/Library/Frameworks/GSS.framework/Versions/A/GSS
0x0000000007ccd000 	/usr/lib/libresolv.9.dylib
0x0000000007ccd000 	/usr/lib/libiconv.2.dylib
0x0000000007ccd000 	/System/Library/PrivateFrameworks/Heimdal.framework/Versions/A/Heimdal
0x0000000007ccd000 	/usr/lib/libheimdal-asn1.dylib
0x0000000007ccd000 	/System/Library/Frameworks/OpenDirectory.framework/Versions/A/OpenDirectory
0x0000000007ccd000 	/System/Library/PrivateFrameworks/CommonAuth.framework/Versions/A/CommonAuth
0x0000000007ccd000 	/System/Library/Frameworks/OpenDirectory.framework/Versions/A/Frameworks/CFOpenDirectory.framework/Versions/A/CFOpenDirectory
0x0000000007ccd000 	/System/Library/Frameworks/SecurityFoundation.framework/Versions/A/SecurityFoundation
0x0000000007ccd000 	/System/Library/PrivateFrameworks/LanguageModeling.framework/Versions/A/LanguageModeling
0x0000000007ccd000 	/usr/lib/libmarisa.dylib
0x0000000007ccd000 	/usr/lib/libChineseTokenizer.dylib
0x0000000007ccd000 	/usr/lib/libcmph.dylib
0x0000000007ccd000 	/System/Library/PrivateFrameworks/CoreEmoji.framework/Versions/A/CoreEmoji
0x0000000007ccd000 	/System/Library/Frameworks/ServiceManagement.framework/Versions/A/ServiceManagement
0x0000000007ccd000 	/usr/lib/libxslt.1.dylib
0x0000000007ccd000 	/System/Library/Frameworks/Carbon.framework/Versions/A/Frameworks/Ink.framework/Versions/A/Ink
0x0000000007ccd000 	/System/Library/PrivateFrameworks/TextureIO.framework/Versions/A/TextureIO
0x0000000007ccd000 	/System/Library/Frameworks/Metal.framework/Versions/A/Metal
0x0000000007ccd000 	/usr/lib/libate.dylib
0x0000000007ccd000 	/System/Library/PrivateFrameworks/GPUCompiler.framework/libmetal_timestamp.dylib
0x0000000007ccd000 	/System/Library/Frameworks/OpenGL.framework/Versions/A/Libraries/libCoreFSCache.dylib
0x0000000007ccd000 	/System/Library/PrivateFrameworks/IOAccelerator.framework/Versions/A/IOAccelerator
0x0000000007ccd000 	/System/Library/Frameworks/CoreVideo.framework/Versions/A/CoreVideo
0x0000000007ccd000 	/usr/lib/libFosl_dynamic.dylib
0x0000000007ccd000 	/System/Library/PrivateFrameworks/MetalPerformanceShaders.framework/Versions/A/MetalPerformanceShaders
0x0000000007ccd000 	/System/Library/PrivateFrameworks/FaceCore.framework/Versions/A/FaceCore
0x0000000007ccd000 	/System/Library/Frameworks/OpenCL.framework/Versions/A/OpenCL
0x0000000007ccd000 	/System/Library/Frameworks/OpenGL.framework/Versions/A/Libraries/libGLU.dylib
0x0000000007ccd000 	/System/Library/Frameworks/OpenGL.framework/Versions/A/Libraries/libGFXShared.dylib
0x0000000007ccd000 	/System/Library/Frameworks/OpenGL.framework/Versions/A/Libraries/libGL.dylib
0x0000000007ccd000 	/System/Library/Frameworks/OpenGL.framework/Versions/A/Libraries/libGLImage.dylib
0x0000000007ccd000 	/System/Library/Frameworks/OpenGL.framework/Versions/A/Libraries/libCVMSPluginSupport.dylib
0x0000000007ccd000 	/System/Library/Frameworks/OpenGL.framework/Versions/A/Libraries/libCoreVMClient.dylib
0x0000000007ccd000 	/System/Library/PrivateFrameworks/CrashReporterSupport.framework/Versions/A/CrashReporterSupport
0x0000000007ccd000 	/System/Library/PrivateFrameworks/Sharing.framework/Versions/A/Sharing
0x0000000007ccd000 	/System/Library/PrivateFrameworks/IconServices.framework/Versions/A/IconServices
0x0000000007ccd000 	/System/Library/PrivateFrameworks/ProtocolBuffer.framework/Versions/A/ProtocolBuffer
0x0000000007ccd000 	/System/Library/PrivateFrameworks/Apple80211.framework/Versions/A/Apple80211
0x0000000007ccd000 	/System/Library/Frameworks/CoreWLAN.framework/Versions/A/CoreWLAN
0x0000000007ccd000 	/System/Library/PrivateFrameworks/CoreUtils.framework/Versions/A/CoreUtils
0x0000000007ccd000 	/System/Library/Frameworks/IOBluetooth.framework/Versions/A/IOBluetooth
0x0000000007ccd000 	/System/Library/PrivateFrameworks/CoreWiFi.framework/Versions/A/CoreWiFi
0x0000000007ccd000 	/System/Library/Frameworks/CoreBluetooth.framework/Versions/A/CoreBluetooth
0x0000000007ccd000 	/System/Library/Frameworks/CoreDisplay.framework/Versions/A/CoreDisplay
0x0000000007ccd000 	/System/Library/PrivateFrameworks/IOPresentment.framework/Versions/A/IOPresentment
0x0000000007ccd000 	/System/Library/PrivateFrameworks/DebugSymbols.framework/Versions/A/DebugSymbols
0x0000000007ccd000 	/System/Library/PrivateFrameworks/CoreSymbolication.framework/Versions/A/CoreSymbolication
0x0000000007ccd000 	/System/Library/PrivateFrameworks/Symbolication.framework/Versions/A/Symbolication
0x0000000007ccd000 	/System/Library/PrivateFrameworks/AppleFSCompression.framework/Versions/A/AppleFSCompression
0x0000000007ccd000 	/System/Library/PrivateFrameworks/SpeechRecognitionCore.framework/Versions/A/SpeechRecognitionCore
0x0000000007ccd000 	/System/Library/PrivateFrameworks/ChunkingLibrary.framework/Versions/A/ChunkingLibrary
0x000000010fc00000 	/Library/Java/JavaVirtualMachines/jdk1.8.0_66.jdk/Contents/Home/jre/lib/server/libjvm.dylib
0x0000000007ccd000 	/usr/lib/libstdc++.6.dylib
0x000000010f32c000 	/Library/Java/JavaVirtualMachines/jdk1.8.0_66.jdk/Contents/Home/jre/lib/libverify.dylib
0x000000010f33a000 	/Library/Java/JavaVirtualMachines/jdk1.8.0_66.jdk/Contents/Home/jre/lib/libjava.dylib
0x000000010f379000 	/Library/Java/JavaVirtualMachines/jdk1.8.0_66.jdk/Contents/Home/jre/lib/libzip.dylib
0x0000000126514000 	/System/Library/Frameworks/JavaVM.framework/Frameworks/JavaRuntimeSupport.framework/JavaRuntimeSupport
0x000000012652e000 	/System/Library/Frameworks/JavaVM.framework/Versions/A/Frameworks/JavaNativeFoundation.framework/Versions/A/JavaNativeFoundation
0x000000010f3f3000 	/System/Library/Frameworks/JavaVM.framework/Versions/A/JavaVM
0x0000000007ccd000 	/System/Library/Frameworks/Carbon.framework/Versions/A/Carbon
0x00000001158c7000 	/System/Library/PrivateFrameworks/JavaLaunching.framework/Versions/A/JavaLaunching
0x0000000007ccd000 	/System/Library/Frameworks/Carbon.framework/Versions/A/Frameworks/CommonPanels.framework/Versions/A/CommonPanels
0x0000000007ccd000 	/System/Library/Frameworks/Carbon.framework/Versions/A/Frameworks/Help.framework/Versions/A/Help
0x0000000007ccd000 	/System/Library/Frameworks/Carbon.framework/Versions/A/Frameworks/ImageCapture.framework/Versions/A/ImageCapture
0x0000000007ccd000 	/System/Library/Frameworks/Carbon.framework/Versions/A/Frameworks/OpenScripting.framework/Versions/A/OpenScripting
0x0000000007ccd000 	/System/Library/Frameworks/Carbon.framework/Versions/A/Frameworks/Print.framework/Versions/A/Print
0x0000000007ccd000 	/System/Library/Frameworks/Carbon.framework/Versions/A/Frameworks/SecurityHI.framework/Versions/A/SecurityHI
0x0000000127e42000 	/Library/Java/JavaVirtualMachines/jdk1.8.0_66.jdk/Contents/Home/jre/lib/libawt.dylib
0x0000000127eea000 	/Library/Java/JavaVirtualMachines/jdk1.8.0_66.jdk/Contents/Home/jre/lib/./libmlib_image.dylib
0x0000000127fb6000 	/Library/Java/JavaVirtualMachines/jdk1.8.0_66.jdk/Contents/Home/jre/lib/libawt_lwawt.dylib
0x000000012806b000 	/Library/Java/JavaVirtualMachines/jdk1.8.0_66.jdk/Contents/Home/jre/lib/./libosxapp.dylib
0x0000000007ccd000 	/System/Library/Frameworks/ExceptionHandling.framework/Versions/A/ExceptionHandling
0x0000000007ccd000 	/System/Library/PrivateFrameworks/CoreServicesInternal.framework/Versions/A/CoreServicesInternal
0x0000000007ccd000 	/System/Library/CoreServices/RawCamera.bundle/Contents/MacOS/RawCamera
0x0000000007ccd000 	/System/Library/Frameworks/Accelerate.framework/Versions/A/Frameworks/vImage.framework/Versions/A/Libraries/libCGInterfaces.dylib
0x0000000007ccd000 	/System/Library/Frameworks/ApplicationServices.framework/Versions/A/Frameworks/ATS.framework/Versions/A/Resources/libTrueTypeScaler.dylib
0x0000000007ccd000 	/System/Library/Frameworks/OpenGL.framework/Versions/A/Resources/GLEngine.bundle/GLEngine
0x0000000007ccd000 	/System/Library/Frameworks/OpenGL.framework/Versions/A/Libraries/libGLProgrammability.dylib
0x0000000129c21000 	/System/Library/Extensions/AppleIntelHDGraphicsGLDriver.bundle/Contents/MacOS/AppleIntelHDGraphicsGLDriver
0x0000000007ccd000 	/System/Library/PrivateFrameworks/GPUSupport.framework/Versions/A/Libraries/libGPUSupport.dylib
0x000000012a0ac000 	/System/Library/Extensions/GeForceTeslaGLDriver.bundle/Contents/MacOS/GeForceTeslaGLDriver
0x000000012bc72000 	/System/Library/Extensions/GeForceTeslaGLDriver.bundle/Contents/MacOS/libclh.dylib
0x0000000007ccd000 	/System/Library/Frameworks/OpenGL.framework/Versions/A/Resources/GLRendererFloat.bundle/GLRendererFloat
0x0000000007ccd000 	/System/Library/Frameworks/OpenCL.framework/Versions/A/Libraries/libcldcpuengine.dylib
0x0000000007ccd000 	/usr/lib/libcrypto.0.9.8.dylib
0x0000000007ccd000 	/System/Library/PrivateFrameworks/TrustEvaluationAgent.framework/Versions/A/TrustEvaluationAgent
0x0000000007ccd000 	/System/Library/PrivateFrameworks/FamilyControls.framework/Versions/A/FamilyControls
0x0000000007ccd000 	/System/Library/PrivateFrameworks/CommerceKit.framework/Versions/A/Frameworks/CommerceCore.framework/Versions/A/CommerceCore
0x0000000007ccd000 	/System/Library/PrivateFrameworks/SystemAdministration.framework/Versions/A/SystemAdministration
0x0000000007ccd000 	/System/Library/PrivateFrameworks/AppContainer.framework/Versions/A/AppContainer
0x0000000007ccd000 	/System/Library/PrivateFrameworks/SecCodeWrapper.framework/Versions/A/SecCodeWrapper
0x0000000007ccd000 	/System/Library/Frameworks/DirectoryService.framework/Versions/A/DirectoryService
0x0000000007ccd000 	/System/Library/PrivateFrameworks/DiskImages.framework/Versions/A/DiskImages
0x0000000007ccd000 	/System/Library/PrivateFrameworks/LoginUIKit.framework/Versions/A/Frameworks/LoginUICore.framework/Versions/A/LoginUICore
0x0000000007ccd000 	/usr/lib/libCoreStorage.dylib
0x0000000007ccd000 	/usr/lib/libcsfde.dylib
0x0000000007ccd000 	/usr/lib/libodfde.dylib
0x0000000007ccd000 	/System/Library/Frameworks/DiscRecording.framework/Versions/A/DiscRecording
0x0000000007ccd000 	/usr/lib/libcurl.4.dylib
0x0000000007ccd000 	/System/Library/PrivateFrameworks/MediaKit.framework/Versions/A/MediaKit
0x0000000007ccd000 	/System/Library/PrivateFrameworks/ProtectedCloudStorage.framework/Versions/A/ProtectedCloudStorage
0x0000000007ccd000 	/System/Library/PrivateFrameworks/EFILogin.framework/Versions/A/EFILogin
0x0000000007ccd000 	/usr/lib/libutil.dylib
0x0000000007ccd000 	/System/Library/Frameworks/LDAP.framework/Versions/A/LDAP
0x0000000007ccd000 	/usr/lib/libsasl2.2.dylib
0x0000000007ccd000 	/System/Library/PrivateFrameworks/CoreDaemon.framework/Versions/B/CoreDaemon
0x0000000007ccd000 	/System/Library/PrivateFrameworks/AppleSRP.framework/Versions/A/AppleSRP
0x0000000007ccd000 	/System/Library/PrivateFrameworks/APFS.framework/Versions/A/APFS
0x000000012e5b6000 	/Library/Java/JavaVirtualMachines/jdk1.8.0_66.jdk/Contents/Home/jre/lib/libfontmanager.dylib
0x000000012e8cb000 	/Library/Java/JavaVirtualMachines/jdk1.8.0_66.jdk/Contents/Home/jre/lib/libnet.dylib
0x000000012e92a000 	/Library/Java/JavaVirtualMachines/jdk1.8.0_66.jdk/Contents/Home/jre/lib/libnio.dylib
0x0000000007ccd000 	/System/Library/PrivateFrameworks/ViewBridge.framework/Versions/A/ViewBridge
0x0000000007ccd000 	/System/Library/PrivateFrameworks/XPCService.framework/Versions/A/XPCService
0x0000000007ccd000 	/System/Library/PrivateFrameworks/AppSandbox.framework/Versions/A/AppSandbox
0x0000000007ccd000 	/usr/lib/libsandbox.1.dylib
0x0000000007ccd000 	/usr/lib/libMatch.1.dylib
0x000000017a8dc000 	/Library/Java/JavaVirtualMachines/jdk1.8.0_66.jdk/Contents/Home/jre/lib/libosxui.dylib
0x000000017bf06000 	/Library/Java/JavaVirtualMachines/jdk1.8.0_66.jdk/Contents/Home/jre/lib/libdcpr.dylib

VM Arguments:
jvm_args: -Dfile.encoding=UTF-8 
java_command: org.jlab.groot.demo.Xeon_Amdahl
java_class_path (initial): /Users/wphelps/Downloads/hipo-1.0-SNAPSHOT.jar:/Users/wphelps/Documents/workspace/groot/target/classes:/Users/wphelps/.m2/repository/net/objecthunter/exp4j/0.4.4/exp4j-0.4.4.jar:/Users/wphelps/.m2/repository/org/freehep/jminuit/1.0/jminuit-1.0.jar:/Users/wphelps/.m2/repository/net/miginfocom/miglayout/4.0/miglayout-4.0.jar
Launcher Type: SUN_STANDARD

Environment Variables:
PATH=/usr/bin:/bin:/usr/sbin:/sbin
SHELL=/bin/bash
DISPLAY=/private/tmp/com.apple.launchd.2AwYhtGawQ/org.macosforge.xquartz:0

Signal Handlers:
SIGSEGV: [libjvm.dylib+0x5a65d5], sa_mask[0]=11111111011111110111111111111111, sa_flags=SA_ONSTACK|SA_RESTART|SA_SIGINFO
SIGBUS: [libjvm.dylib+0x5a65d5], sa_mask[0]=11111111011111110111111111111111, sa_flags=SA_RESTART|SA_SIGINFO
SIGFPE: [libjvm.dylib+0x4802e8], sa_mask[0]=11111111011111110111111111111111, sa_flags=SA_RESTART|SA_SIGINFO
SIGPIPE: [libjvm.dylib+0x4802e8], sa_mask[0]=11111111011111110111111111111111, sa_flags=SA_RESTART|SA_SIGINFO
SIGXFSZ: [libjvm.dylib+0x4802e8], sa_mask[0]=11111111011111110111111111111111, sa_flags=SA_RESTART|SA_SIGINFO
SIGILL: [libjvm.dylib+0x4802e8], sa_mask[0]=11111111011111110111111111111111, sa_flags=SA_RESTART|SA_SIGINFO
SIGUSR1: SIG_DFL, sa_mask[0]=00000000000000000000000000000000, sa_flags=none
SIGUSR2: [libjvm.dylib+0x47fe06], sa_mask[0]=00100000000000000000000000000000, sa_flags=SA_RESTART|SA_SIGINFO
SIGHUP: [libjvm.dylib+0x47e3dd], sa_mask[0]=11111111011111110111111111111111, sa_flags=SA_RESTART|SA_SIGINFO
SIGINT: [libjvm.dylib+0x47e3dd], sa_mask[0]=11111111011111110111111111111111, sa_flags=SA_RESTART|SA_SIGINFO
SIGTERM: [libjvm.dylib+0x47e3dd], sa_mask[0]=11111111011111110111111111111111, sa_flags=SA_RESTART|SA_SIGINFO
SIGQUIT: [libjvm.dylib+0x47e3dd], sa_mask[0]=11111111011111110111111111111111, sa_flags=SA_RESTART|SA_SIGINFO


---------------  S Y S T E M  ---------------

OS:Bsduname:Darwin 16.0.0 Darwin Kernel Version 16.0.0: Mon Aug 29 17:56:20 PDT 2016; root:xnu-3789.1.32~3/RELEASE_X86_64 x86_64
rlimit: STACK 8192k, CORE 0k, NPROC 709, NOFILE 10240, AS infinity
load average:1.81 2.09 2.21

CPU:total 4 (2 cores per cpu, 2 threads per core) family 6 model 37 stepping 5, cmov, cx8, fxsr, mmx, sse, sse2, sse3, ssse3, sse4.1, sse4.2, popcnt, aes, clmul, ht, tsc, tscinvbit

Memory: 4k page, physical 8388608k(15276k free)

/proc/meminfo:


vm_info: Java HotSpot(TM) 64-Bit Server VM (25.66-b17) for bsd-amd64 JRE (1.8.0_66-b17), built on Oct  6 2015 16:09:13 by "java_re" with gcc 4.2.1 (Based on Apple Inc. build 5658) (LLVM build 2336.11.00)

time: Tue Oct 25 12:50:55 2016
elapsed time: 133496 seconds (1d 13h 4m 56s)

